<?xml version="1.0" encoding="UTF-8" standalone="no"?>
<testsuite errors="0" failures="1" name="io.cucumber.core.plugin.JUnitFormatter" skipped="0" tests="1" time="20.207">
    <testcase classname="LogIn , Register and explore Products functionality check" name="check login functionality with invalid userId and password" time="19.043">
        <failure message="The login information you entered does not match our records. Please try again. expected:&lt;[The login information you entered does not match our records. Please try again.]&gt; but was:&lt;[massage doest not match]&gt;" type="org.junit.ComparisonFailure">
            <![CDATA[Given I am on progressive home page.........................................passed
And I click on logIn button function........................................passed
And I enter my userId in field Zip Code.....................................passed
And i enter my password.....................................................passed
And i check  save userid box................................................passed
When i click on log in button2..............................................passed
Then i should see "The login information you entered does not match our records. Please try again." massage.failed

StackTrace:
org.junit.ComparisonFailure: The login information you entered does not match our records. Please try again. expected:<[The login information you entered does not match our records. Please try again.]> but was:<[massage doest not match]>
	at org.junit.Assert.assertEquals(Assert.java:117)
	at homepage.HomePage.getErrorMessage1(HomePage.java:82)
	at stepDefinitions.HomePageStepDefinition.i_should_see_massage(HomePageStepDefinition.java:85)
	at ✽.i should see "The login information you entered does not match our records. Please try again." massage(file:///Users/ameurcherif/IdeaProjects/BDD_Automation_Framework_Team1/Progressive/src/test/java/features/HomePage.feature:16)
]]>
        </failure>
    </testcase>
</testsuite>
